<?xml version="1.0" encoding="UTF-8"?>
<!-- Generated by org.testng.reporters.JUnitXMLReporter -->
<testsuite ignored="3" hostname="Z1-471" failures="0" tests="2" name="Test" time="176.756" errors="0" timestamp="2022-05-11T10:59:45 IST">
  <testcase classname="com.crm.comcast.contactsTest.Createcontactpom" name="createnewcontactTest" time="68.367"/>
  <testcase classname="com.crm.comcast.vendorsTest.Campains" name="createcampaignTest" time="29.751"/>
  <testcase classname="com.crm.comcast.vendorsTest.Campains" name="campaignwithproductTest" time="0.0">
    <ignored/>
  </testcase> <!-- campaignwithproductTest -->
  <testcase classname="com.crm.comcast.contactsTest.Createcontactpom" name="craeteconwithoutmandatTest" time="0.0">
    <ignored/>
  </testcase> <!-- craeteconwithoutmandatTest -->
  <testcase classname="com.crm.comcast.Genericutility.BaseClass" name="@BeforeSuite bcconfig" time="0.0">
    <ignored/>
  </testcase> <!-- @BeforeSuite bcconfig -->
</testsuite> <!-- Test -->
