<?xml version="1.0" encoding="UTF-8"?>
<testng-results ignored="3" total="5" passed="2" failed="0" skipped="0">
  <reporter-output>
  </reporter-output>
  <suite started-at="2022-05-11T10:56:48 IST" name="Suite" finished-at="2022-05-11T10:59:45 IST" duration-ms="176756">
    <groups>
      <group name="SmokeTest">
        <method signature="Campains.createcampaignTest()[pri:0, instance:com.crm.comcast.vendorsTest.Campains@f736069]" name="createcampaignTest" class="com.crm.comcast.vendorsTest.Campains"/>
        <method signature="Createcontactpom.createnewcontactTest()[pri:0, instance:com.crm.comcast.contactsTest.Createcontactpom@53fdffa1]" name="createnewcontactTest" class="com.crm.comcast.contactsTest.Createcontactpom"/>
      </group> <!-- SmokeTest -->
    </groups>
    <test started-at="2022-05-11T10:56:48 IST" name="Test" finished-at="2022-05-11T10:59:45 IST" duration-ms="176756">
      <class name="com.crm.comcast.vendorsTest.Campains">
        <test-method is-config="true" signature="bcconfig()[pri:0, instance:com.crm.comcast.vendorsTest.Campains@f736069]" started-at="2022-05-11T10:58:51 IST" name="bcconfig" finished-at="2022-05-11T10:59:00 IST" duration-ms="9227" status="PASS">
          <reporter-output>
          </reporter-output>
        </test-method> <!-- bcconfig -->
        <test-method is-config="true" signature="bmconfig()[pri:0, instance:com.crm.comcast.vendorsTest.Campains@f736069]" started-at="2022-05-11T10:59:00 IST" name="bmconfig" finished-at="2022-05-11T10:59:10 IST" duration-ms="10271" status="PASS">
          <reporter-output>
          </reporter-output>
        </test-method> <!-- bmconfig -->
        <test-method signature="createcampaignTest()[pri:0, instance:com.crm.comcast.vendorsTest.Campains@f736069]" started-at="2022-05-11T10:59:10 IST" name="createcampaignTest" finished-at="2022-05-11T10:59:40 IST" duration-ms="29751" status="PASS">
          <reporter-output>
          </reporter-output>
        </test-method> <!-- createcampaignTest -->
        <test-method is-config="true" signature="amconfig()[pri:0, instance:com.crm.comcast.vendorsTest.Campains@f736069]" started-at="2022-05-11T10:59:40 IST" name="amconfig" finished-at="2022-05-11T10:59:44 IST" duration-ms="3803" status="PASS">
          <reporter-output>
          </reporter-output>
        </test-method> <!-- amconfig -->
        <test-method is-config="true" signature="acconfig()[pri:0, instance:com.crm.comcast.vendorsTest.Campains@f736069]" started-at="2022-05-11T10:59:44 IST" name="acconfig" finished-at="2022-05-11T10:59:45 IST" duration-ms="1547" status="PASS">
          <reporter-output>
          </reporter-output>
        </test-method> <!-- acconfig -->
      </class> <!-- com.crm.comcast.vendorsTest.Campains -->
      <class name="com.crm.comcast.contactsTest.Createcontactpom">
        <test-method is-config="true" signature="bcconfig()[pri:0, instance:com.crm.comcast.contactsTest.Createcontactpom@53fdffa1]" started-at="2022-05-11T10:55:54 IST" name="bcconfig" finished-at="2022-05-11T10:56:48 IST" duration-ms="54416" status="PASS">
          <reporter-output>
          </reporter-output>
        </test-method> <!-- bcconfig -->
        <test-method is-config="true" signature="bcconfig()[pri:0, instance:com.crm.comcast.contactsTest.Createcontactpom@53fdffa1]" started-at="2022-05-11T10:56:49 IST" name="bcconfig" finished-at="2022-05-11T10:57:06 IST" duration-ms="17324" status="PASS">
          <reporter-output>
          </reporter-output>
        </test-method> <!-- bcconfig -->
        <test-method is-config="true" signature="bmconfig()[pri:0, instance:com.crm.comcast.contactsTest.Createcontactpom@53fdffa1]" started-at="2022-05-11T10:57:06 IST" name="bmconfig" finished-at="2022-05-11T10:57:36 IST" duration-ms="30205" status="PASS">
          <reporter-output>
          </reporter-output>
        </test-method> <!-- bmconfig -->
        <test-method signature="createnewcontactTest()[pri:0, instance:com.crm.comcast.contactsTest.Createcontactpom@53fdffa1]" started-at="2022-05-11T10:57:36 IST" name="createnewcontactTest" finished-at="2022-05-11T10:58:44 IST" duration-ms="68367" status="PASS">
          <reporter-output>
          </reporter-output>
        </test-method> <!-- createnewcontactTest -->
        <test-method is-config="true" signature="amconfig()[pri:0, instance:com.crm.comcast.contactsTest.Createcontactpom@53fdffa1]" started-at="2022-05-11T10:58:44 IST" name="amconfig" finished-at="2022-05-11T10:58:49 IST" duration-ms="4834" status="PASS">
          <reporter-output>
          </reporter-output>
        </test-method> <!-- amconfig -->
        <test-method is-config="true" signature="acconfig()[pri:0, instance:com.crm.comcast.contactsTest.Createcontactpom@53fdffa1]" started-at="2022-05-11T10:58:49 IST" name="acconfig" finished-at="2022-05-11T10:58:51 IST" duration-ms="1227" status="PASS">
          <reporter-output>
          </reporter-output>
        </test-method> <!-- acconfig -->
      </class> <!-- com.crm.comcast.contactsTest.Createcontactpom -->
    </test> <!-- Test -->
  </suite> <!-- Suite -->
</testng-results>
